<?xml version="1.0" encoding="UTF-8"?>
<!-- Generated by org.testng.reporters.JUnitReportReporter -->
<testsuite hostname="DESKTOP-9M7S0HV" failures="0" tests="1" name="com.banking.testCases.TC_LoginTest_001" time="0.790" errors="0" timestamp="2022-02-19T17:59:55 EST" skipped="0">
  <testcase classname="com.banking.testCases.TC_LoginTest_001" name="LoginTest" time="0.790"/>
</testsuite> <!-- com.banking.testCases.TC_LoginTest_001 -->
